<?xml version="1.0" encoding="UTF-8"?>
<!-- Generated by org.testng.reporters.JUnitReportReporter -->
<testsuite skipped="0" hostname="DESKTOP-1NB2K1E" name="com.mortgagecalc.TestRefinanceClass" tests="2" failures="0" timestamp="2020-02-24T16:05:05 EST" time="13.484" errors="0">
  <testcase name="testHomeval" time="7.321" classname="com.mortgagecalc.TestRefinanceClass"/>
  <system-out/>
  <testcase name="testHomeval1" time="6.163" classname="com.mortgagecalc.TestRefinanceClass"/>
  <system-out/>
</testsuite> <!-- com.mortgagecalc.TestRefinanceClass -->
