<?xml version="1.0" encoding="UTF-8"?>
<!-- Generated by org.testng.reporters.JUnitReportReporter -->
<testsuite skipped="0" hostname="DESKTOP-1NB2K1E" name="guru99Project.mngNewCustomerTest" tests="1" failures="0" timestamp="2020-02-11T21:38:37 EST" time="13.856" errors="0">
  <testcase name="TestnewCustomerLink" time="13.856" classname="guru99Project.mngNewCustomerTest"/>
</testsuite> <!-- guru99Project.mngNewCustomerTest -->
