<?xml version="1.0" encoding="UTF-8"?>
<!-- Generated by org.testng.reporters.JUnitReportReporter -->
<testsuite skipped="0" hostname="DESKTOP-1NB2K1E" name="com.mortgagecalc.testHome" tests="2" failures="0" timestamp="2020-02-26T19:17:26 EST" time="16.968" errors="0">
  <testcase name="testHomeval1" time="9.982" classname="com.mortgagecalc.testHome"/>
  <system-out/>
  <testcase name="testHomeval" time="6.986" classname="com.mortgagecalc.testHome"/>
  <system-out/>
</testsuite> <!-- com.mortgagecalc.testHome -->
