<?xml version="1.0" encoding="UTF-8"?>
<!-- Generated by org.testng.reporters.JUnitReportReporter -->
<testsuite skipped="0" hostname="DESKTOP-1NB2K1E" name="com.mortgagecalc.TestRefinanceClass" tests="2" failures="0" timestamp="2020-02-26T19:17:26 EST" time="14.859" errors="0">
  <testcase name="testHomeoriginalval" time="8.135" classname="com.mortgagecalc.TestRefinanceClass"/>
  <system-out/>
  <testcase name="testHomeoriginalval1" time="6.724" classname="com.mortgagecalc.TestRefinanceClass"/>
  <system-out/>
</testsuite> <!-- com.mortgagecalc.TestRefinanceClass -->
