<?xml version="1.0" encoding="UTF-8"?>
<!-- Generated by org.testng.reporters.JUnitReportReporter -->
<testsuite skipped="0" hostname="DESKTOP-1NB2K1E" name="com.mortgagecalc.testTest" tests="1" failures="0" timestamp="2020-02-26T19:17:26 EST" time="0.001" errors="0">
  <testcase name="testgetPreAppB" time="0.001" classname="com.mortgagecalc.testTest"/>
  <system-out/>
</testsuite> <!-- com.mortgagecalc.testTest -->
