<?xml version="1.0" encoding="UTF-8"?>
<!-- Generated by org.testng.reporters.JUnitReportReporter -->
<testsuite skipped="0" hostname="DESKTOP-1NB2K1E" name="com.mortgagecalc.testHome" tests="2" failures="0" timestamp="2020-02-23T00:06:51 EST" time="17.265" errors="0">
  <testcase name="testHomeval" time="6.303" classname="com.mortgagecalc.testHome"/>
  <system-out/>
  <testcase name="testHomeval1" time="10.962" classname="com.mortgagecalc.testHome"/>
  <system-out/>
</testsuite> <!-- com.mortgagecalc.testHome -->
