<?xml version="1.0" encoding="UTF-8"?>
<!-- Generated by org.testng.reporters.JUnitReportReporter -->
<testsuite skipped="0" hostname="DESKTOP-1NB2K1E" name="com.mortgagecalc.testHome" tests="2" failures="0" timestamp="2020-02-24T23:59:11 EST" time="18.210" errors="0">
  <testcase name="testHomeval1" time="6.987" classname="com.mortgagecalc.testHome"/>
  <system-out/>
  <testcase name="testHomeval" time="11.223" classname="com.mortgagecalc.testHome"/>
  <system-out/>
</testsuite> <!-- com.mortgagecalc.testHome -->
