<?xml version="1.0" encoding="UTF-8"?>
<!-- Generated by org.testng.reporters.JUnitReportReporter -->
<testsuite skipped="0" hostname="DESKTOP-1NB2K1E" name="WedClass.com.mcalculator.testHome" tests="2" failures="0" timestamp="05 Mar 2020 02:13:59 GMT" time="14.560" errors="0">
  <testcase name="testneghomeval" time="6.994" classname="WedClass.com.mcalculator.testHome"/>
  <testcase name="testposhomeval" time="7.566" classname="WedClass.com.mcalculator.testHome"/>
</testsuite> <!-- WedClass.com.mcalculator.testHome -->
